# JRE version: OpenJDK Runtime Environment (11.0.13) (build 11.0.13+0-b1751.21-8125866)
# Java VM: OpenJDK 64-Bit Server VM (11.0.13+0-b1751.21-8125866, mixed mode, tiered, compressed oops, g1 gc, windows-amd64)
Heap:
 garbage-first heap   total 256000K, used 134138K [0x0000000080000000, 0x0000000100000000)
  region size 1024K, 25 young (25600K), 3 survivors (3072K)
 Metaspace       used 120060K, capacity 123677K, committed 123984K, reserved 1159168K
  class space    used 15557K, capacity 17028K, committed 17152K, reserved 1048576K
GC Heap History (20 events):
Event: 6.593 GC heap before
{Heap before GC invocations=8 (full 0):
 garbage-first heap   total 196608K, used 131975K [0x0000000080000000, 0x0000000100000000)
  region size 1024K, 110 young (112640K), 13 survivors (13312K)
 Metaspace       used 48956K, capacity 50248K, committed 50384K, reserved 1093632K
  class space    used 6170K, capacity 6688K, committed 6784K, reserved 1048576K
}
Event: 6.605 GC heap after
{Heap after GC invocations=9 (full 0):
 garbage-first heap   total 196608K, used 38781K [0x0000000080000000, 0x0000000100000000)
  region size 1024K, 14 young (14336K), 14 survivors (14336K)
 Metaspace       used 48956K, capacity 50248K, committed 50384K, reserved 1093632K
  class space    used 6170K, capacity 6688K, committed 6784K, reserved 1048576K
}
Event: 7.900 GC heap before
{Heap before GC invocations=9 (full 0):
 garbage-first heap   total 196608K, used 127869K [0x0000000080000000, 0x0000000100000000)
  region size 1024K, 97 young (99328K), 14 survivors (14336K)
 Metaspace       used 58805K, capacity 60156K, committed 60240K, reserved 1101824K
  class space    used 7350K, capacity 7854K, committed 7936K, reserved 1048576K
}
Event: 7.915 GC heap after
{Heap after GC invocations=10 (full 0):
 garbage-first heap   total 196608K, used 50393K [0x0000000080000000, 0x0000000100000000)
  region size 1024K, 14 young (14336K), 14 survivors (14336K)
 Metaspace       used 58805K, capacity 60156K, committed 60240K, reserved 1101824K
  class space    used 7350K, capacity 7854K, committed 7936K, reserved 1048576K
}
Event: 9.213 GC heap before
{Heap before GC invocations=11 (full 0):
 garbage-first heap   total 196608K, used 149721K [0x0000000080000000, 0x0000000100000000)
  region size 1024K, 104 young (106496K), 14 survivors (14336K)
 Metaspace       used 67034K, capacity 68521K, committed 68816K, reserved 1110016K
  class space    used 8373K, capacity 8963K, committed 9088K, reserved 1048576K
}
Event: 9.227 GC heap after
{Heap after GC invocations=12 (full 0):
 garbage-first heap   total 196608K, used 58632K [0x0000000080000000, 0x0000000100000000)
  region size 1024K, 8 young (8192K), 8 survivors (8192K)
 Metaspace       used 67034K, capacity 68521K, committed 68816K, reserved 1110016K
  class space    used 8373K, capacity 8963K, committed 9088K, reserved 1048576K
}
Event: 10.053 GC heap before
{Heap before GC invocations=12 (full 0):
 garbage-first heap   total 196608K, used 146696K [0x0000000080000000, 0x0000000100000000)
  region size 1024K, 94 young (96256K), 8 survivors (8192K)
 Metaspace       used 71106K, capacity 72587K, committed 72784K, reserved 1112064K
  class space    used 8875K, capacity 9461K, committed 9472K, reserved 1048576K
}
Event: 10.066 GC heap after
{Heap after GC invocations=13 (full 0):
 garbage-first heap   total 256000K, used 64336K [0x0000000080000000, 0x0000000100000000)
  region size 1024K, 7 young (7168K), 7 survivors (7168K)
 Metaspace       used 71106K, capacity 72587K, committed 72784K, reserved 1112064K
  class space    used 8875K, capacity 9461K, committed 9472K, reserved 1048576K
}
Event: 11.912 GC heap before
{Heap before GC invocations=13 (full 0):
 garbage-first heap   total 256000K, used 180048K [0x0000000080000000, 0x0000000100000000)
  region size 1024K, 120 young (122880K), 7 survivors (7168K)
 Metaspace       used 83213K, capacity 84977K, committed 85200K, reserved 1124352K
  class space    used 10683K, capacity 11356K, committed 11392K, reserved 1048576K
}
Event: 11.921 GC heap after
{Heap after GC invocations=14 (full 0):
 garbage-first heap   total 256000K, used 70687K [0x0000000080000000, 0x0000000100000000)
  region size 1024K, 13 young (13312K), 13 survivors (13312K)
 Metaspace       used 83213K, capacity 84977K, committed 85200K, reserved 1124352K
  class space    used 10683K, capacity 11356K, committed 11392K, reserved 1048576K
}
Event: 13.925 GC heap before
{Heap before GC invocations=14 (full 0):
 garbage-first heap   total 256000K, used 194591K [0x0000000080000000, 0x0000000100000000)
  region size 1024K, 135 young (138240K), 13 survivors (13312K)
 Metaspace       used 89265K, capacity 91333K, committed 91472K, reserved 1128448K
  class space    used 11395K, capacity 12167K, committed 12288K, reserved 1048576K
}
Event: 13.941 GC heap after
{Heap after GC invocations=15 (full 0):
 garbage-first heap   total 256000K, used 81641K [0x0000000080000000, 0x0000000100000000)
  region size 1024K, 17 young (17408K), 17 survivors (17408K)
 Metaspace       used 89265K, capacity 91333K, committed 91472K, reserved 1128448K
  class space    used 11395K, capacity 12167K, committed 12288K, reserved 1048576K
}
Event: 15.275 GC heap before
{Heap before GC invocations=15 (full 0):
 garbage-first heap   total 256000K, used 195305K [0x0000000080000000, 0x0000000100000000)
  region size 1024K, 129 young (132096K), 17 survivors (17408K)
 Metaspace       used 95027K, capacity 97152K, committed 97360K, reserved 1134592K
  class space    used 12100K, capacity 12933K, committed 13056K, reserved 1048576K
}
Event: 15.290 GC heap after
{Heap after GC invocations=16 (full 0):
 garbage-first heap   total 256000K, used 87807K [0x0000000080000000, 0x0000000100000000)
  region size 1024K, 6 young (6144K), 6 survivors (6144K)
 Metaspace       used 95027K, capacity 97152K, committed 97360K, reserved 1134592K
  class space    used 12100K, capacity 12933K, committed 13056K, reserved 1048576K
}
Event: 17.875 GC heap before
{Heap before GC invocations=16 (full 0):
 garbage-first heap   total 256000K, used 195327K [0x0000000080000000, 0x0000000100000000)
  region size 1024K, 113 young (115712K), 6 survivors (6144K)
 Metaspace       used 98484K, capacity 100674K, committed 100816K, reserved 1136640K
  class space    used 12484K, capacity 13361K, committed 13440K, reserved 1048576K
}
Event: 17.890 GC heap after
{Heap after GC invocations=17 (full 0):
 garbage-first heap   total 256000K, used 94333K [0x0000000080000000, 0x0000000100000000)
  region size 1024K, 13 young (13312K), 13 survivors (13312K)
 Metaspace       used 98484K, capacity 100674K, committed 100816K, reserved 1136640K
  class space    used 12484K, capacity 13361K, committed 13440K, reserved 1048576K
}
Event: 41.501 GC heap before
{Heap before GC invocations=18 (full 0):
 garbage-first heap   total 256000K, used 203901K [0x0000000080000000, 0x0000000100000000)
  region size 1024K, 119 young (121856K), 13 survivors (13312K)
 Metaspace       used 107152K, capacity 109808K, committed 110032K, reserved 1144832K
  class space    used 13658K, capacity 14651K, committed 14720K, reserved 1048576K
}
Event: 41.523 GC heap after
{Heap after GC invocations=19 (full 0):
 garbage-first heap   total 256000K, used 103089K [0x0000000080000000, 0x0000000100000000)
  region size 1024K, 15 young (15360K), 15 survivors (15360K)
 Metaspace       used 107152K, capacity 109808K, committed 110032K, reserved 1144832K
  class space    used 13658K, capacity 14651K, committed 14720K, reserved 1048576K
}
Event: 43.334 GC heap before
{Heap before GC invocations=20 (full 0):
 garbage-first heap   total 256000K, used 204465K [0x0000000080000000, 0x0000000100000000)
  region size 1024K, 114 young (116736K), 15 survivors (15360K)
 Metaspace       used 118660K, capacity 122146K, committed 122448K, reserved 1155072K
  class space    used 15384K, capacity 16814K, committed 16896K, reserved 1048576K
}
Event: 43.347 GC heap after
{Heap after GC invocations=21 (full 0):
 garbage-first heap   total 256000K, used 104442K [0x0000000080000000, 0x0000000100000000)
  region size 1024K, 3 young (3072K), 3 survivors (3072K)
 Metaspace       used 118660K, capacity 122146K, committed 122448K, reserved 1155072K
  class space    used 15384K, capacity 16814K, committed 16896K, reserved 1048576K
}

